<?xml version="1.0" encoding="UTF-8"?>
<testsuite name="mytwtr.IntegTestSpec" tests="1" skipped="0" failures="1" errors="0" timestamp="2016-02-11T23:16:50" hostname="L-125100-P13" time="9.736">
  <properties/>
  <testcase name="F1. Test that an account may have multiple followers" classname="mytwtr.IntegTestSpec" time="9.736">
    <failure message="groovy.lang.MissingPropertyException: No such property: FollowedBy for class: mytwtr.Account&#10;Possible solutions: followedBy" type="groovy.lang.MissingPropertyException">groovy.lang.MissingPropertyException: No such property: FollowedBy for class: mytwtr.Account
Possible solutions: followedBy
	at mytwtr.IntegTestSpec.$tt__$spock_feature_0_0(IntegTestSpec.groovy:35)
	at mytwtr.IntegTestSpec.F1. Test that an account may have multiple followers_closure3(IntegTestSpec.groovy)
	at groovy.lang.Closure.call(Closure.java:426)
	at groovy.lang.Closure.call(Closure.java:442)
	at grails.transaction.GrailsTransactionTemplate$1.doInTransaction(GrailsTransactionTemplate.groovy:70)
	at org.springframework.transaction.support.TransactionTemplate.execute(TransactionTemplate.java:133)
	at grails.transaction.GrailsTransactionTemplate.executeAndRollback(GrailsTransactionTemplate.groovy:67)
	at mytwtr.IntegTestSpec.F1. Test that an account may have multiple followers(IntegTestSpec.groovy)
</failure>
  </testcase>
  <system-out><![CDATA[Grails application running at http://localhost:8080 in environment: test
]]></system-out>
  <system-err><![CDATA[]]></system-err>
</testsuite>
